# JRE version: Java(TM) SE Runtime Environment (16.0.2+7) (build 16.0.2+7-67)
# Java VM: Java HotSpot(TM) 64-Bit Server VM (16.0.2+7-67, mixed mode, sharing, tiered, compressed oops, compressed class ptrs, g1 gc, windows-amd64)
GC Precious Log:
 CPUs: 8 total, 8 available
 Memory: 16268M
 Large Page Support: Disabled
 NUMA Support: Disabled
 Compressed Oops: Enabled (32-bit)
 Heap Region Size: 1M
 Heap Min Capacity: 256M
 Heap Initial Capacity: 256M
 Heap Max Capacity: 512M
 Pre-touch: Disabled
 Parallel Workers: 8
 Concurrent Workers: 2
 Concurrent Refinement Workers: 8
 Periodic GC: Disabled
Heap:
 garbage-first heap   total 262144K, used 166533K [0x00000000e0000000, 0x0000000100000000)
  region size 1024K, 137 young (140288K), 20 survivors (20480K)
 Metaspace       used 56830K, committed 57536K, reserved 270336K
  class space    used 7692K, committed 8064K, reserved 212992K
GC Heap History (10 events):
Event: 0.804 GC heap before
{Heap before GC invocations=0 (full 0):
 garbage-first heap   total 262144K, used 28672K [0x00000000e0000000, 0x0000000100000000)
  region size 1024K, 23 young (23552K), 0 survivors (0K)
 Metaspace       used 3172K, committed 3328K, reserved 221184K
  class space    used 390K, committed 448K, reserved 212992K
}
Event: 0.808 GC heap after
{Heap after GC invocations=1 (full 0):
 garbage-first heap   total 262144K, used 9259K [0x00000000e0000000, 0x0000000100000000)
  region size 1024K, 3 young (3072K), 3 survivors (3072K)
 Metaspace       used 3172K, committed 3328K, reserved 221184K
  class space    used 390K, committed 448K, reserved 212992K
}
Event: 1.289 GC heap before
{Heap before GC invocations=1 (full 0):
 garbage-first heap   total 262144K, used 36907K [0x00000000e0000000, 0x0000000100000000)
  region size 1024K, 29 young (29696K), 3 survivors (3072K)
 Metaspace       used 4080K, committed 4288K, reserved 221184K
  class space    used 484K, committed 576K, reserved 212992K
}
Event: 1.292 GC heap after
{Heap after GC invocations=2 (full 0):
 garbage-first heap   total 262144K, used 11564K [0x00000000e0000000, 0x0000000100000000)
  region size 1024K, 2 young (2048K), 2 survivors (2048K)
 Metaspace       used 4080K, committed 4288K, reserved 221184K
  class space    used 484K, committed 576K, reserved 212992K
}
Event: 4.730 GC heap before
{Heap before GC invocations=2 (full 0):
 garbage-first heap   total 262144K, used 123180K [0x00000000e0000000, 0x0000000100000000)
  region size 1024K, 113 young (115712K), 2 survivors (2048K)
 Metaspace       used 20957K, committed 21248K, reserved 237568K
  class space    used 3096K, committed 3264K, reserved 212992K
}
Event: 4.737 GC heap after
{Heap after GC invocations=3 (full 0):
 garbage-first heap   total 262144K, used 20511K [0x00000000e0000000, 0x0000000100000000)
  region size 1024K, 11 young (11264K), 11 survivors (11264K)
 Metaspace       used 20957K, committed 21248K, reserved 237568K
  class space    used 3096K, committed 3264K, reserved 212992K
}
Event: 6.866 GC heap before
{Heap before GC invocations=4 (full 0):
 garbage-first heap   total 262144K, used 139295K [0x00000000e0000000, 0x0000000100000000)
  region size 1024K, 125 young (128000K), 11 survivors (11264K)
 Metaspace       used 35224K, committed 35648K, reserved 245760K
  class space    used 4771K, committed 4992K, reserved 212992K
}
Event: 6.882 GC heap after
{Heap after GC invocations=5 (full 0):
 garbage-first heap   total 262144K, used 30683K [0x00000000e0000000, 0x0000000100000000)
  region size 1024K, 20 young (20480K), 20 survivors (20480K)
 Metaspace       used 35224K, committed 35648K, reserved 245760K
  class space    used 4771K, committed 4992K, reserved 212992K
}
Event: 9.157 GC heap before
{Heap before GC invocations=6 (full 0):
 garbage-first heap   total 262144K, used 170971K [0x00000000e0000000, 0x0000000100000000)
  region size 1024K, 153 young (156672K), 20 survivors (20480K)
 Metaspace       used 45973K, committed 46592K, reserved 253952K
  class space    used 6176K, committed 6464K, reserved 212992K
}
Event: 9.182 GC heap after
{Heap after GC invocations=7 (full 0):
 garbage-first heap   total 262144K, used 47749K [0x00000000e0000000, 0x0000000100000000)
  region size 1024K, 20 young (20480K), 20 survivors (20480K)
 Metaspace       used 45973K, committed 46592K, reserved 253952K
  class space    used 6176K, committed 6464K, reserved 212992K
}

